Arguments: 
  /home/manjarodiego/.nvm/versions/node/v16.17.0/bin/node /home/manjarodiego/.nvm/versions/node/v16.17.0/bin/yarn add grapql-request dotenv

PATH: 
  /home/manjarodiego/.nvm/versions/node/v16.17.0/bin:/home/manjarodiego/.local/bin:/usr/local/bin:/usr/bin:/var/lib/snapd/snap/bin:/usr/local/sbin:/usr/bin/site_perl:/usr/bin/vendor_perl:/usr/bin/core_perl

Yarn version: 
  1.22.19

Node version: 
  16.17.0

Platform: 
  linux x64

Trace: 
  Error: https://registry.yarnpkg.com/grapql-request: Not found
      at Request.params.callback [as _callback] (/home/manjarodiego/.nvm/versions/node/v16.17.0/lib/node_modules/yarn/lib/cli.js:66145:18)
      at Request.self.callback (/home/manjarodiego/.nvm/versions/node/v16.17.0/lib/node_modules/yarn/lib/cli.js:140890:22)
      at Request.emit (node:events:513:28)
      at Request.<anonymous> (/home/manjarodiego/.nvm/versions/node/v16.17.0/lib/node_modules/yarn/lib/cli.js:141862:10)
      at Request.emit (node:events:513:28)
      at IncomingMessage.<anonymous> (/home/manjarodiego/.nvm/versions/node/v16.17.0/lib/node_modules/yarn/lib/cli.js:141784:12)
      at Object.onceWrapper (node:events:627:28)
      at IncomingMessage.emit (node:events:525:35)
      at endReadableNT (node:internal/streams/readable:1358:12)
      at processTicksAndRejections (node:internal/process/task_queues:83:21)

npm manifest: 
  {
    "name": "certificates",
    "version": "1.0.0",
    "description": "",
    "main": "index.js",
    "scripts": {
      "test": "echo \"Error: no test specified\" && exit 1"
    },
    "keywords": [],
    "author": "",
    "license": "ISC"
  }

yarn manifest: 
  No manifest

Lockfile: 
  No lockfile
